<?xml version="1.0" encoding="UTF-8"?>
<testng-results skipped="0" failed="0" ignored="0" total="1" passed="1">
  <reporter-output>
  </reporter-output>
  <suite name="Suite" duration-ms="23523" started-at="2018-09-09T07:12:10Z" finished-at="2018-09-09T07:12:34Z">
    <groups>
    </groups>
    <test name="leads" duration-ms="23523" started-at="2018-09-09T07:12:10Z" finished-at="2018-09-09T07:12:34Z">
      <class name="bankbazarTestCases.Testcase_001">
        <test-method status="PASS" signature="startResult()[pri:0, instance:bankbazarTestCases.Testcase_001@6fc6f14e]" name="startResult" is-config="true" duration-ms="535" started-at="2018-09-09T07:12:09Z" finished-at="2018-09-09T07:12:10Z">
          <reporter-output>
          </reporter-output>
        </test-method> <!-- startResult -->
        <test-method status="PASS" signature="setData()[pri:0, instance:bankbazarTestCases.Testcase_001@6fc6f14e]" name="setData" is-config="true" duration-ms="1" started-at="2018-09-09T07:12:10Z" finished-at="2018-09-09T07:12:10Z">
          <reporter-output>
          </reporter-output>
        </test-method> <!-- setData -->
        <test-method status="PASS" signature="startTestCase()[pri:0, instance:bankbazarTestCases.Testcase_001@6fc6f14e]" name="startTestCase" is-config="true" duration-ms="5" started-at="2018-09-09T07:12:10Z" finished-at="2018-09-09T07:12:10Z">
          <reporter-output>
          </reporter-output>
        </test-method> <!-- startTestCase -->
        <test-method status="PASS" signature="launchBrowser()[pri:0, instance:bankbazarTestCases.Testcase_001@6fc6f14e]" name="launchBrowser" is-config="true" duration-ms="6011" started-at="2018-09-09T07:12:10Z" finished-at="2018-09-09T07:12:16Z">
          <reporter-output>
          </reporter-output>
        </test-method> <!-- launchBrowser -->
        <test-method status="PASS" signature="testSteps()[pri:0, instance:bankbazarTestCases.Testcase_001@6fc6f14e]" name="testSteps" duration-ms="17479" started-at="2018-09-09T07:12:16Z" finished-at="2018-09-09T07:12:34Z">
          <reporter-output>
          </reporter-output>
        </test-method> <!-- testSteps -->
        <test-method status="PASS" signature="close()[pri:0, instance:bankbazarTestCases.Testcase_001@6fc6f14e]" name="close" is-config="true" duration-ms="0" started-at="2018-09-09T07:12:34Z" finished-at="2018-09-09T07:12:34Z">
          <reporter-output>
          </reporter-output>
        </test-method> <!-- close -->
        <test-method status="PASS" signature="stopResult()[pri:0, instance:bankbazarTestCases.Testcase_001@6fc6f14e]" name="stopResult" is-config="true" duration-ms="453" started-at="2018-09-09T07:12:34Z" finished-at="2018-09-09T07:12:34Z">
          <reporter-output>
          </reporter-output>
        </test-method> <!-- stopResult -->
      </class> <!-- bankbazarTestCases.Testcase_001 -->
    </test> <!-- leads -->
  </suite> <!-- Suite -->
</testng-results>
